<?xml version="1.0" encoding="UTF-8"?>
<testng-results skipped="0" failed="0" ignored="0" total="1" passed="1">
  <reporter-output>
    <line>
      <![CDATA[PASS : Cart Item is Deleted]]>
    </line>
  </reporter-output>
  <suite name="Default suite" duration-ms="521673" started-at="2017-11-03T06:33:52Z" finished-at="2017-11-03T06:42:34Z">
    <groups>
    </groups>
    <test name="Default test" duration-ms="521673" started-at="2017-11-03T06:33:52Z" finished-at="2017-11-03T06:42:34Z">
      <class name="script.VerifyCartItemDelete">
        <test-method status="PASS" signature="openApp()[pri:0, instance:script.VerifyCartItemDelete@4667ae56]" name="openApp" is-config="true" duration-ms="125560" started-at="2017-11-03T12:03:52Z" finished-at="2017-11-03T12:05:57Z">
          <reporter-output>
          </reporter-output>
        </test-method> <!-- openApp -->
        <test-method status="PASS" signature="testCartItemDelete()[pri:7, instance:script.VerifyCartItemDelete@4667ae56]" name="testCartItemDelete" duration-ms="395987" started-at="2017-11-03T12:05:57Z" finished-at="2017-11-03T12:12:33Z">
          <reporter-output>
            <line>
              <![CDATA[PASS : Cart Item is Deleted]]>
            </line>
          </reporter-output>
        </test-method> <!-- testCartItemDelete -->
        <test-method status="PASS" signature="closeApp()[pri:0, instance:script.VerifyCartItemDelete@4667ae56]" name="closeApp" is-config="true" duration-ms="102" started-at="2017-11-03T12:12:33Z" finished-at="2017-11-03T12:12:34Z">
          <reporter-output>
          </reporter-output>
        </test-method> <!-- closeApp -->
      </class> <!-- script.VerifyCartItemDelete -->
    </test> <!-- Default test -->
  </suite> <!-- Default suite -->
</testng-results>
